\BOOKMARK [0][-]{chapter*.1}{\376\377\000F\000o\000r\000e\000w\000o\000r\000d}{}% 1
\BOOKMARK [0][-]{dummy.3}{\376\377\000C\000o\000n\000t\000e\000n\000t\000s}{}% 2
\BOOKMARK [0][-]{chapter.5}{\376\377\0001\000\040\000I\000n\000t\000r\000o\000d\000u\000c\000t\000i\000o\000n}{}% 3
\BOOKMARK [1][-]{section.6}{\376\377\0001\000.\0001\000\040\000W\000h\000a\000t\000\040\000i\000s\000\040\000c\000o\000m\000p\000u\000t\000e\000r\000\040\000s\000c\000i\000e\000n\000c\000e\000?}{chapter.5}% 4
\BOOKMARK [1][-]{section.7}{\376\377\0001\000.\0002\000\040\000T\000h\000e\000\040\000i\000m\000p\000o\000r\000t\000a\000n\000c\000e\000\040\000o\000f\000\040\000c\000o\000d\000i\000n\000g\000\040\000i\000n\000\040\000K\000-\0001\0002\000\040\000e\000d\000u\000c\000a\000t\000i\000o\000n}{chapter.5}% 5
\BOOKMARK [0][-]{chapter.9}{\376\377\0002\000\040\000R\000e\000s\000e\000a\000r\000c\000h}{}% 6
\BOOKMARK [1][-]{section.10}{\376\377\0002\000.\0001\000\040\000C\000a\000s\000e\000\040\000S\000t\000u\000d\000i\000e\000s}{chapter.9}% 7
\BOOKMARK [2][-]{subsection.11}{\376\377\0002\000.\0001\000.\0001\000\040\000I\000n\000d\000e\000p\000e\000n\000d\000e\000n\000t\000\040\000S\000c\000h\000o\000o\000l\000s}{section.10}% 8
\BOOKMARK [2][-]{subsection.12}{\376\377\0002\000.\0001\000.\0002\000\040\000P\000u\000b\000l\000i\000c\000\040\000H\000i\000g\000h\000\040\000S\000c\000h\000o\000o\000l\000s}{section.10}% 9
\BOOKMARK [2][-]{subsection.17}{\376\377\0002\000.\0001\000.\0003\000\040\000S\000e\000c\000o\000n\000d\000a\000r\000y\000\040\000E\000d\000u\000c\000a\000t\000i\000o\000n}{section.10}% 10
\BOOKMARK [1][-]{section.24}{\376\377\0002\000.\0002\000\040\000N\000a\000t\000i\000o\000n\000a\000l\000\040\000S\000t\000a\000n\000d\000a\000r\000d\000s}{chapter.9}% 11
\BOOKMARK [2][-]{subsection.25}{\376\377\0002\000.\0002\000.\0001\000\040\000C\000S\000T\000A}{section.24}% 12
\BOOKMARK [2][-]{subsection.26}{\376\377\0002\000.\0002\000.\0002\000\040\000I\000S\000T\000E}{section.24}% 13
\BOOKMARK [2][-]{subsection.27}{\376\377\0002\000.\0002\000.\0003\000\040\000A\000P}{section.24}% 14
\BOOKMARK [2][-]{subsection.42}{\376\377\0002\000.\0002\000.\0004\000\040\000N\000e\000x\000t\000\040\000G\000e\000n\000e\000r\000a\000t\000i\000o\000n\000\040\000S\000c\000i\000e\000n\000c\000e\000\040\000S\000t\000a\000n\000d\000a\000r\000d\000s}{section.24}% 15
\BOOKMARK [2][-]{subsection.43}{\376\377\0002\000.\0002\000.\0005\000\040\000C\000o\000m\000m\000o\000n\000\040\000C\000o\000r\000e}{section.24}% 16
\BOOKMARK [1][-]{section.44}{\376\377\0002\000.\0003\000\040\000O\000n\000l\000i\000n\000e\000\040\000C\000u\000r\000r\000i\000c\000u\000l\000u\000m}{chapter.9}% 17
\BOOKMARK [1][-]{section.45}{\376\377\0002\000.\0004\000\040\000H\000a\000r\000d\000w\000a\000r\000e\000\040\000T\000o\000o\000l\000s}{chapter.9}% 18
\BOOKMARK [0][-]{chapter.46}{\376\377\0003\000\040\000N\000e\000w\000m\000a\000n\000\040\000P\000a\000s\000t\000\040\000a\000n\000d\000\040\000P\000r\000e\000s\000e\000n\000t}{}% 19
\BOOKMARK [1][-]{section.47}{\376\377\0003\000.\0001\000\040\000P\000r\000e\000v\000i\000o\000u\000s\000\040\000P\000r\000o\000g\000r\000a\000m\000s}{chapter.46}% 20
\BOOKMARK [1][-]{section.48}{\376\377\0003\000.\0002\000\040\000P\000r\000e\000s\000e\000n\000t\000\040\000S\000t\000a\000t\000u\000s}{chapter.46}% 21
\BOOKMARK [2][-]{subsection.49}{\376\377\0003\000.\0002\000.\0001\000\040\000L\000o\000w\000e\000r\000\040\000S\000c\000h\000o\000o\000l}{section.48}% 22
\BOOKMARK [0][-]{chapter.54}{\376\377\0004\000\040\000R\000e\000c\000o\000m\000m\000e\000n\000d\000a\000t\000i\000o\000n\000s}{}% 23
\BOOKMARK [1][-]{section.55}{\376\377\0004\000.\0001\000\040\000L\000o\000w\000e\000r\000\040\000S\000c\000h\000o\000o\000l}{chapter.54}% 24
\BOOKMARK [1][-]{section.56}{\376\377\0004\000.\0002\000\040\000M\000i\000d\000d\000l\000e\000\040\000S\000c\000h\000o\000o\000l}{chapter.54}% 25
\BOOKMARK [1][-]{section.57}{\376\377\0004\000.\0003\000\040\000U\000p\000p\000e\000r\000\040\000S\000c\000h\000o\000o\000l}{chapter.54}% 26
\BOOKMARK [0][-]{appendix.63}{\376\377\000A\000\040\000A\000p\000p\000e\000n\000d\000i\000x\000:\000\040\000O\000n\000l\000i\000n\000e\000\040\000C\000u\000r\000r\000i\000c\000u\000l\000u\000m}{}% 27
\BOOKMARK [0][-]{appendix.65}{\376\377\000B\000\040\000A\000p\000p\000e\000n\000d\000i\000x\000:\000\040\000H\000a\000r\000d\000w\000a\000r\000e\000\040\000T\000o\000o\000l\000s}{}% 28
\BOOKMARK [0][-]{appendix.67}{\376\377\000C\000\040\000A\000p\000p\000e\000n\000d\000i\000x\000:\000\040\000C\000S\000T\000A\000\040\000B\000e\000n\000c\000h\000m\000a\000r\000k\000s}{}% 29
\BOOKMARK [0][-]{appendix.73}{\376\377\000D\000\040\000A\000p\000p\000e\000n\000d\000i\000x\000:\000\040\000I\000S\000T\000E\000\040\000S\000t\000a\000n\000d\000a\000r\000d\000s}{}% 30
\BOOKMARK [0][-]{appendix.113}{\376\377\000E\000\040\000A\000p\000p\000e\000n\000d\000i\000x\000:\000\040\000N\000G\000S\000S\000\040\000S\000t\000a\000n\000d\000a\000r\000d\000s}{}% 31
\BOOKMARK [0][-]{appendix.115}{\376\377\000F\000\040\000A\000p\000p\000e\000n\000d\000i\000x\000:\000\040\000I\000n\000t\000r\000o\000d\000u\000c\000t\000o\000r\000y\000\040\000C\000S\000\040\000S\000y\000l\000l\000a\000b\000i}{}% 32
\BOOKMARK [0][-]{dummy.116}{\376\377\000B\000i\000b\000l\000i\000o\000g\000r\000a\000p\000h\000y}{}% 33
